<?xml version="1.0" encoding="UTF-8"?>
<!-- Generated by org.testng.reporters.JUnitReportReporter -->
<testsuite hostname="DERIW50N0099" failures="0" tests="2" name="com.zensar.automation.framework.driver.MobileDriver" time="123.075" errors="0" timestamp="2023-05-11T18:35:24 IST" skipped="0">
  <testcase classname="com.zensar.automation.framework.driver.MobileDriver" name="test" time="30.802"/>
  <system-out/>
  <testcase classname="com.zensar.automation.framework.driver.MobileDriver" name="test" time="92.273"/>
  <system-out/>
</testsuite> <!-- com.zensar.automation.framework.driver.MobileDriver -->
