<?xml version="1.0" encoding="UTF-8"?>
<!-- Generated by org.testng.reporters.JUnitReportReporter -->
<testsuite hostname="DERIW50N0099" failures="0" tests="2" name="com.zensar.automation.framework.driver.MobileDriver" time="37.858" errors="0" timestamp="2023-07-17T15:13:21 IST" skipped="0">
  <testcase classname="com.zensar.automation.framework.driver.MobileDriver" name="test" time="14.700"/>
  <testcase classname="com.zensar.automation.framework.driver.MobileDriver" name="test" time="23.158"/>
</testsuite> <!-- com.zensar.automation.framework.driver.MobileDriver -->
