<?xml version="1.0" encoding="UTF-8"?>
<!-- Generated by org.testng.reporters.JUnitReportReporter -->
<testsuite hostname="DERIW50N0099" failures="0" tests="1" name="com.zensar.automation.framework.driver.MobileDriver" time="29.763" errors="0" timestamp="2024-05-09T13:00:28 IST" skipped="0">
  <testcase classname="com.zensar.automation.framework.driver.MobileDriver" name="test" time="29.763"/>
</testsuite> <!-- com.zensar.automation.framework.driver.MobileDriver -->
